2025-04-07T12:56:55.493+07:00  INFO 31017 --- [rest-api-bb] [restartedMain] c.x.r.rest_api_bb.RestApiBbApplication   : Starting RestApiBbApplication using Java 21.0.4 with PID 31017 (/mnt/Development-Main/Xor/portfolio/java/rest/rest-api-bb/target/classes started by vos in /mnt/Development-Main/Xor/portfolio/java/rest/rest-api-bb)
2025-04-07T12:56:55.496+07:00  INFO 31017 --- [rest-api-bb] [restartedMain] c.x.r.rest_api_bb.RestApiBbApplication   : No active profile set, falling back to 1 default profile: "default"
2025-04-07T12:56:55.523+07:00  INFO 31017 --- [rest-api-bb] [restartedMain] .e.DevToolsPropertyDefaultsPostProcessor : Devtools property defaults active! Set 'spring.devtools.add-properties' to 'false' to disable
2025-04-07T12:56:55.524+07:00  INFO 31017 --- [rest-api-bb] [restartedMain] .e.DevToolsPropertyDefaultsPostProcessor : For additional web related logging consider setting the 'logging.level.web' property to 'DEBUG'
2025-04-07T12:56:56.061+07:00  INFO 31017 --- [rest-api-bb] [restartedMain] .s.d.r.c.RepositoryConfigurationDelegate : Bootstrapping Spring Data JPA repositories in DEFAULT mode.
2025-04-07T12:56:56.077+07:00  INFO 31017 --- [rest-api-bb] [restartedMain] .s.d.r.c.RepositoryConfigurationDelegate : Finished Spring Data repository scanning in 9 ms. Found 0 JPA repository interfaces.
2025-04-07T12:56:56.438+07:00  INFO 31017 --- [rest-api-bb] [restartedMain] o.s.b.w.embedded.tomcat.TomcatWebServer  : Tomcat initialized with port 8080 (http)
2025-04-07T12:56:56.446+07:00  INFO 31017 --- [rest-api-bb] [restartedMain] o.apache.catalina.core.StandardService   : Starting service [Tomcat]
2025-04-07T12:56:56.446+07:00  INFO 31017 --- [rest-api-bb] [restartedMain] o.apache.catalina.core.StandardEngine    : Starting Servlet engine: [Apache Tomcat/10.1.36]
2025-04-07T12:56:56.467+07:00  INFO 31017 --- [rest-api-bb] [restartedMain] o.a.c.c.C.[Tomcat].[localhost].[/]       : Initializing Spring embedded WebApplicationContext
2025-04-07T12:56:56.467+07:00  INFO 31017 --- [rest-api-bb] [restartedMain] w.s.c.ServletWebServerApplicationContext : Root WebApplicationContext: initialization completed in 943 ms
2025-04-07T12:56:56.572+07:00  INFO 31017 --- [rest-api-bb] [restartedMain] o.hibernate.jpa.internal.util.LogHelper  : HHH000204: Processing PersistenceUnitInfo [name: default]
2025-04-07T12:56:56.616+07:00  INFO 31017 --- [rest-api-bb] [restartedMain] org.hibernate.Version                    : HHH000412: Hibernate ORM core version 6.6.8.Final
2025-04-07T12:56:56.642+07:00  INFO 31017 --- [rest-api-bb] [restartedMain] o.h.c.internal.RegionFactoryInitiator    : HHH000026: Second-level cache disabled
2025-04-07T12:56:56.862+07:00  INFO 31017 --- [rest-api-bb] [restartedMain] o.s.o.j.p.SpringPersistenceUnitInfo      : No LoadTimeWeaver setup: ignoring JPA class transformer
2025-04-07T12:56:56.881+07:00  INFO 31017 --- [rest-api-bb] [restartedMain] com.zaxxer.hikari.HikariDataSource       : HikariPool-1 - Starting...
2025-04-07T12:56:57.161+07:00  INFO 31017 --- [rest-api-bb] [restartedMain] com.zaxxer.hikari.pool.HikariPool        : HikariPool-1 - Added connection com.mysql.cj.jdbc.ConnectionImpl@554b05f
2025-04-07T12:56:57.162+07:00  INFO 31017 --- [rest-api-bb] [restartedMain] com.zaxxer.hikari.HikariDataSource       : HikariPool-1 - Start completed.
2025-04-07T12:56:57.198+07:00  WARN 31017 --- [rest-api-bb] [restartedMain] org.hibernate.orm.deprecation            : HHH90000025: MySQLDialect does not need to be specified explicitly using 'hibernate.dialect' (remove the property setting and it will be selected by default)
2025-04-07T12:56:57.209+07:00  INFO 31017 --- [rest-api-bb] [restartedMain] org.hibernate.orm.connections.pooling    : HHH10001005: Database info:
	Database JDBC URL [Connecting through datasource 'HikariDataSource (HikariPool-1)']
	Database driver: undefined/unknown
	Database version: 8.4
	Autocommit mode: undefined/unknown
	Isolation level: undefined/unknown
	Minimum pool size: undefined/unknown
	Maximum pool size: undefined/unknown
2025-04-07T12:56:57.694+07:00  INFO 31017 --- [rest-api-bb] [restartedMain] o.h.e.t.j.p.i.JtaPlatformInitiator       : HHH000489: No JTA platform available (set 'hibernate.transaction.jta.platform' to enable JTA platform integration)
2025-04-07T12:56:57.730+07:00  INFO 31017 --- [rest-api-bb] [restartedMain] j.LocalContainerEntityManagerFactoryBean : Initialized JPA EntityManagerFactory for persistence unit 'default'
2025-04-07T12:56:57.797+07:00  WARN 31017 --- [rest-api-bb] [restartedMain] JpaBaseConfiguration$JpaWebConfiguration : spring.jpa.open-in-view is enabled by default. Therefore, database queries may be performed during view rendering. Explicitly configure spring.jpa.open-in-view to disable this warning
2025-04-07T12:56:58.038+07:00  INFO 31017 --- [rest-api-bb] [restartedMain] o.s.b.d.a.OptionalLiveReloadServer       : LiveReload server is running on port 35729
2025-04-07T12:56:58.057+07:00  INFO 31017 --- [rest-api-bb] [restartedMain] o.s.b.w.embedded.tomcat.TomcatWebServer  : Tomcat started on port 8080 (http) with context path '/'
2025-04-07T12:56:58.063+07:00  INFO 31017 --- [rest-api-bb] [restartedMain] c.x.r.rest_api_bb.RestApiBbApplication   : Started RestApiBbApplication in 2.862 seconds (process running for 3.358)
2025-04-07T12:57:01.060+07:00  INFO 31017 --- [rest-api-bb] [SpringApplicationShutdownHook] o.s.b.w.e.tomcat.GracefulShutdown        : Commencing graceful shutdown. Waiting for active requests to complete
2025-04-07T12:57:01.062+07:00  INFO 31017 --- [rest-api-bb] [tomcat-shutdown] o.s.b.w.e.tomcat.GracefulShutdown        : Graceful shutdown complete
2025-04-07T12:57:01.064+07:00  INFO 31017 --- [rest-api-bb] [SpringApplicationShutdownHook] j.LocalContainerEntityManagerFactoryBean : Closing JPA EntityManagerFactory for persistence unit 'default'
2025-04-07T12:57:01.066+07:00  INFO 31017 --- [rest-api-bb] [SpringApplicationShutdownHook] com.zaxxer.hikari.HikariDataSource       : HikariPool-1 - Shutdown initiated...
2025-04-07T12:57:01.076+07:00  INFO 31017 --- [rest-api-bb] [SpringApplicationShutdownHook] com.zaxxer.hikari.HikariDataSource       : HikariPool-1 - Shutdown completed.
